[2023-11-12T21:29:53.860+0000] {logging_mixin.py:154} INFO - Changing /opt/***/logs/dag_id=simulator_dag_18/run_id=scheduled__2023-11-11T00:00:00+00:00/task_id=setup_and_run_simulator_task_18 permission to 509
[2023-11-12T21:29:53.861+0000] {logging_mixin.py:154} INFO - Failed to change /opt/***/logs/dag_id=simulator_dag_18/run_id=scheduled__2023-11-11T00:00:00+00:00/task_id=setup_and_run_simulator_task_18 permission to 509: [Errno 1] Operation not permitted: '/opt/***/logs/dag_id=simulator_dag_18/run_id=scheduled__2023-11-11T00:00:00+00:00/task_id=setup_and_run_simulator_task_18'
[2023-11-12T21:29:53.901+0000] {logging_mixin.py:154} INFO - Changing /opt/***/logs/dag_id=simulator_dag_18/run_id=scheduled__2023-11-11T00:00:00+00:00/task_id=setup_and_run_simulator_task_18 permission to 509
[2023-11-12T21:29:53.903+0000] {logging_mixin.py:154} INFO - Failed to change /opt/***/logs/dag_id=simulator_dag_18/run_id=scheduled__2023-11-11T00:00:00+00:00/task_id=setup_and_run_simulator_task_18 permission to 509: [Errno 1] Operation not permitted: '/opt/***/logs/dag_id=simulator_dag_18/run_id=scheduled__2023-11-11T00:00:00+00:00/task_id=setup_and_run_simulator_task_18'
[2023-11-12T21:29:53.965+0000] {taskinstance.py:1159} INFO - Dependencies all met for dep_context=non-requeueable deps ti=<TaskInstance: simulator_dag_18.setup_and_run_simulator_task_18 scheduled__2023-11-11T00:00:00+00:00 [queued]>
[2023-11-12T21:29:53.987+0000] {taskinstance.py:1159} INFO - Dependencies all met for dep_context=requeueable deps ti=<TaskInstance: simulator_dag_18.setup_and_run_simulator_task_18 scheduled__2023-11-11T00:00:00+00:00 [queued]>
[2023-11-12T21:29:53.990+0000] {taskinstance.py:1361} INFO - Starting attempt 1 of 3
[2023-11-12T21:29:54.029+0000] {taskinstance.py:1382} INFO - Executing <Task(PythonOperator): setup_and_run_simulator_task_18> on 2023-11-11 00:00:00+00:00
[2023-11-12T21:29:54.045+0000] {standard_task_runner.py:57} INFO - Started process 534 to run task
[2023-11-12T21:29:54.053+0000] {standard_task_runner.py:84} INFO - Running: ['***', 'tasks', 'run', 'simulator_dag_18', 'setup_and_run_simulator_task_18', 'scheduled__2023-11-11T00:00:00+00:00', '--job-id', '45', '--raw', '--subdir', 'DAGS_FOLDER/timeseries.py', '--cfg-path', '/tmp/tmpok01d4c9']
[2023-11-12T21:29:54.061+0000] {standard_task_runner.py:85} INFO - Job 45: Subtask setup_and_run_simulator_task_18
[2023-11-12T21:29:54.248+0000] {logging_mixin.py:154} INFO - Changing /opt/***/logs/dag_id=simulator_dag_18/run_id=scheduled__2023-11-11T00:00:00+00:00/task_id=setup_and_run_simulator_task_18 permission to 509
[2023-11-12T21:29:54.266+0000] {logging_mixin.py:154} INFO - Failed to change /opt/***/logs/dag_id=simulator_dag_18/run_id=scheduled__2023-11-11T00:00:00+00:00/task_id=setup_and_run_simulator_task_18 permission to 509: [Errno 1] Operation not permitted: '/opt/***/logs/dag_id=simulator_dag_18/run_id=scheduled__2023-11-11T00:00:00+00:00/task_id=setup_and_run_simulator_task_18'
[2023-11-12T21:29:54.279+0000] {task_command.py:416} INFO - Running <TaskInstance: simulator_dag_18.setup_and_run_simulator_task_18 scheduled__2023-11-11T00:00:00+00:00 [running]> on host 84c765240aba
[2023-11-12T21:29:54.510+0000] {taskinstance.py:1662} INFO - Exporting env vars: AIRFLOW_CTX_DAG_OWNER='***' AIRFLOW_CTX_DAG_ID='simulator_dag_18' AIRFLOW_CTX_TASK_ID='setup_and_run_simulator_task_18' AIRFLOW_CTX_EXECUTION_DATE='2023-11-11T00:00:00+00:00' AIRFLOW_CTX_TRY_NUMBER='1' AIRFLOW_CTX_DAG_RUN_ID='scheduled__2023-11-11T00:00:00+00:00'
[2023-11-12T21:29:54.869+0000] {logging_mixin.py:154} INFO - Standard Output: 
[2023-11-12T21:29:54.877+0000] {logging_mixin.py:154} INFO - Standard Error: python: can't open file 'Task1/main.py': [Errno 2] No such file or directory
[2023-11-12T21:29:54.895+0000] {logging_mixin.py:154} INFO - this is hiiiim <Thread(Thread-1, initial)>
[2023-11-12T21:29:54.898+0000] {python.py:194} INFO - Done. Returned value was: None
[2023-11-12T21:29:54.922+0000] {taskinstance.py:1400} INFO - Marking task as SUCCESS. dag_id=simulator_dag_18, task_id=setup_and_run_simulator_task_18, execution_date=20231111T000000, start_date=20231112T212953, end_date=20231112T212954
[2023-11-12T21:29:55.008+0000] {local_task_job_runner.py:228} INFO - Task exited with return code 0
[2023-11-12T21:29:55.034+0000] {taskinstance.py:2778} INFO - 0 downstream tasks scheduled from follow-on schedule check
