[2023-11-17T10:52:51.511+0000] {logging_mixin.py:154} INFO - Changing /opt/***/logs/dag_id=simulator_dag_17/run_id=scheduled__2023-11-15T00:00:00+00:00/task_id=setup_and_run_simulator_task_17 permission to 509
[2023-11-17T10:52:51.524+0000] {logging_mixin.py:154} INFO - Failed to change /opt/***/logs/dag_id=simulator_dag_17/run_id=scheduled__2023-11-15T00:00:00+00:00/task_id=setup_and_run_simulator_task_17 permission to 509: [Errno 1] Operation not permitted: '/opt/***/logs/dag_id=simulator_dag_17/run_id=scheduled__2023-11-15T00:00:00+00:00/task_id=setup_and_run_simulator_task_17'
[2023-11-17T10:52:51.631+0000] {logging_mixin.py:154} INFO - Changing /opt/***/logs/dag_id=simulator_dag_17/run_id=scheduled__2023-11-15T00:00:00+00:00/task_id=setup_and_run_simulator_task_17 permission to 509
[2023-11-17T10:52:51.634+0000] {logging_mixin.py:154} INFO - Failed to change /opt/***/logs/dag_id=simulator_dag_17/run_id=scheduled__2023-11-15T00:00:00+00:00/task_id=setup_and_run_simulator_task_17 permission to 509: [Errno 1] Operation not permitted: '/opt/***/logs/dag_id=simulator_dag_17/run_id=scheduled__2023-11-15T00:00:00+00:00/task_id=setup_and_run_simulator_task_17'
[2023-11-17T10:52:51.729+0000] {taskinstance.py:1159} INFO - Dependencies all met for dep_context=non-requeueable deps ti=<TaskInstance: simulator_dag_17.setup_and_run_simulator_task_17 scheduled__2023-11-15T00:00:00+00:00 [queued]>
[2023-11-17T10:52:51.789+0000] {taskinstance.py:1159} INFO - Dependencies all met for dep_context=requeueable deps ti=<TaskInstance: simulator_dag_17.setup_and_run_simulator_task_17 scheduled__2023-11-15T00:00:00+00:00 [queued]>
[2023-11-17T10:52:51.792+0000] {taskinstance.py:1361} INFO - Starting attempt 2 of 3
[2023-11-17T10:52:51.904+0000] {taskinstance.py:1382} INFO - Executing <Task(PythonOperator): setup_and_run_simulator_task_17> on 2023-11-15 00:00:00+00:00
[2023-11-17T10:52:51.917+0000] {standard_task_runner.py:57} INFO - Started process 37692 to run task
[2023-11-17T10:52:51.956+0000] {standard_task_runner.py:84} INFO - Running: ['***', 'tasks', 'run', 'simulator_dag_17', 'setup_and_run_simulator_task_17', 'scheduled__2023-11-15T00:00:00+00:00', '--job-id', '359', '--raw', '--subdir', 'DAGS_FOLDER/timeseries.py', '--cfg-path', '/tmp/tmpb3i2qymj']
[2023-11-17T10:52:51.984+0000] {standard_task_runner.py:85} INFO - Job 359: Subtask setup_and_run_simulator_task_17
[2023-11-17T10:52:52.154+0000] {logging_mixin.py:154} INFO - Changing /opt/***/logs/dag_id=simulator_dag_17/run_id=scheduled__2023-11-15T00:00:00+00:00/task_id=setup_and_run_simulator_task_17 permission to 509
[2023-11-17T10:52:52.155+0000] {logging_mixin.py:154} INFO - Failed to change /opt/***/logs/dag_id=simulator_dag_17/run_id=scheduled__2023-11-15T00:00:00+00:00/task_id=setup_and_run_simulator_task_17 permission to 509: [Errno 1] Operation not permitted: '/opt/***/logs/dag_id=simulator_dag_17/run_id=scheduled__2023-11-15T00:00:00+00:00/task_id=setup_and_run_simulator_task_17'
[2023-11-17T10:52:52.161+0000] {task_command.py:416} INFO - Running <TaskInstance: simulator_dag_17.setup_and_run_simulator_task_17 scheduled__2023-11-15T00:00:00+00:00 [running]> on host 84c765240aba
[2023-11-17T10:52:52.825+0000] {taskinstance.py:1662} INFO - Exporting env vars: AIRFLOW_CTX_DAG_OWNER='***' AIRFLOW_CTX_DAG_ID='simulator_dag_17' AIRFLOW_CTX_TASK_ID='setup_and_run_simulator_task_17' AIRFLOW_CTX_EXECUTION_DATE='2023-11-15T00:00:00+00:00' AIRFLOW_CTX_TRY_NUMBER='2' AIRFLOW_CTX_DAG_RUN_ID='scheduled__2023-11-15T00:00:00+00:00'
[2023-11-17T16:54:04.028+0000] {logging_mixin.py:154} INFO - Changing /opt/***/logs/dag_id=simulator_dag_17/run_id=scheduled__2023-11-15T00:00:00+00:00/task_id=setup_and_run_simulator_task_17 permission to 509
[2023-11-17T16:54:04.031+0000] {logging_mixin.py:154} INFO - Failed to change /opt/***/logs/dag_id=simulator_dag_17/run_id=scheduled__2023-11-15T00:00:00+00:00/task_id=setup_and_run_simulator_task_17 permission to 509: [Errno 1] Operation not permitted: '/opt/***/logs/dag_id=simulator_dag_17/run_id=scheduled__2023-11-15T00:00:00+00:00/task_id=setup_and_run_simulator_task_17'
[2023-11-17T16:54:04.067+0000] {logging_mixin.py:154} INFO - Changing /opt/***/logs/dag_id=simulator_dag_17/run_id=scheduled__2023-11-15T00:00:00+00:00/task_id=setup_and_run_simulator_task_17 permission to 509
[2023-11-17T16:54:04.068+0000] {logging_mixin.py:154} INFO - Failed to change /opt/***/logs/dag_id=simulator_dag_17/run_id=scheduled__2023-11-15T00:00:00+00:00/task_id=setup_and_run_simulator_task_17 permission to 509: [Errno 1] Operation not permitted: '/opt/***/logs/dag_id=simulator_dag_17/run_id=scheduled__2023-11-15T00:00:00+00:00/task_id=setup_and_run_simulator_task_17'
[2023-11-17T16:54:04.090+0000] {taskinstance.py:1149} INFO - Dependencies not met for <TaskInstance: simulator_dag_17.setup_and_run_simulator_task_17 scheduled__2023-11-15T00:00:00+00:00 [running]>, dependency 'Task Instance State' FAILED: Task is in the 'running' state.
[2023-11-17T16:54:04.099+0000] {taskinstance.py:1149} INFO - Dependencies not met for <TaskInstance: simulator_dag_17.setup_and_run_simulator_task_17 scheduled__2023-11-15T00:00:00+00:00 [running]>, dependency 'Task Instance Not Running' FAILED: Task is in the running state
[2023-11-17T16:54:04.102+0000] {local_task_job_runner.py:154} INFO - Task is not able to be run
[2023-11-18T10:06:05.834+0000] {job.py:219} ERROR - Job heartbeat got an exception
Traceback (most recent call last):
  File "/home/airflow/.local/lib/python3.8/site-packages/sqlalchemy/engine/base.py", line 3371, in _wrap_pool_connect
    return fn()
  File "/home/airflow/.local/lib/python3.8/site-packages/sqlalchemy/pool/base.py", line 327, in connect
    return _ConnectionFairy._checkout(self)
  File "/home/airflow/.local/lib/python3.8/site-packages/sqlalchemy/pool/base.py", line 894, in _checkout
    fairy = _ConnectionRecord.checkout(pool)
  File "/home/airflow/.local/lib/python3.8/site-packages/sqlalchemy/pool/base.py", line 493, in checkout
    rec = pool._do_get()
  File "/home/airflow/.local/lib/python3.8/site-packages/sqlalchemy/pool/impl.py", line 256, in _do_get
    return self._create_connection()
  File "/home/airflow/.local/lib/python3.8/site-packages/sqlalchemy/pool/base.py", line 273, in _create_connection
    return _ConnectionRecord(self)
  File "/home/airflow/.local/lib/python3.8/site-packages/sqlalchemy/pool/base.py", line 388, in __init__
    self.__connect()
  File "/home/airflow/.local/lib/python3.8/site-packages/sqlalchemy/pool/base.py", line 691, in __connect
    pool.logger.debug("Error on connect(): %s", e)
  File "/home/airflow/.local/lib/python3.8/site-packages/sqlalchemy/util/langhelpers.py", line 70, in __exit__
    compat.raise_(
  File "/home/airflow/.local/lib/python3.8/site-packages/sqlalchemy/util/compat.py", line 211, in raise_
    raise exception
  File "/home/airflow/.local/lib/python3.8/site-packages/sqlalchemy/pool/base.py", line 686, in __connect
    self.dbapi_connection = connection = pool._invoke_creator(self)
  File "/home/airflow/.local/lib/python3.8/site-packages/sqlalchemy/engine/create.py", line 574, in connect
    return dialect.connect(*cargs, **cparams)
  File "/home/airflow/.local/lib/python3.8/site-packages/sqlalchemy/engine/default.py", line 598, in connect
    return self.dbapi.connect(*cargs, **cparams)
  File "/home/airflow/.local/lib/python3.8/site-packages/psycopg2/__init__.py", line 122, in connect
    conn = _connect(dsn, connection_factory=connection_factory, **kwasync)
psycopg2.OperationalError: could not translate host name "postgres" to address: Temporary failure in name resolution


The above exception was the direct cause of the following exception:

Traceback (most recent call last):
  File "/home/airflow/.local/lib/python3.8/site-packages/airflow/jobs/job.py", line 190, in heartbeat
    session.merge(self)
  File "/home/airflow/.local/lib/python3.8/site-packages/sqlalchemy/orm/session.py", line 3056, in merge
    return self._merge(
  File "/home/airflow/.local/lib/python3.8/site-packages/sqlalchemy/orm/session.py", line 3136, in _merge
    merged = self.get(
  File "/home/airflow/.local/lib/python3.8/site-packages/sqlalchemy/orm/session.py", line 2853, in get
    return self._get_impl(
  File "/home/airflow/.local/lib/python3.8/site-packages/sqlalchemy/orm/session.py", line 2975, in _get_impl
    return db_load_fn(
  File "/home/airflow/.local/lib/python3.8/site-packages/sqlalchemy/orm/loading.py", line 530, in load_on_pk_identity
    session.execute(
  File "/home/airflow/.local/lib/python3.8/site-packages/sqlalchemy/orm/session.py", line 1716, in execute
    conn = self._connection_for_bind(bind)
  File "/home/airflow/.local/lib/python3.8/site-packages/sqlalchemy/orm/session.py", line 1555, in _connection_for_bind
    return self._transaction._connection_for_bind(
  File "/home/airflow/.local/lib/python3.8/site-packages/sqlalchemy/orm/session.py", line 750, in _connection_for_bind
    conn = bind.connect()
  File "/home/airflow/.local/lib/python3.8/site-packages/sqlalchemy/future/engine.py", line 406, in connect
    return super(Engine, self).connect()
  File "/home/airflow/.local/lib/python3.8/site-packages/sqlalchemy/engine/base.py", line 3325, in connect
    return self._connection_cls(self, close_with_result=close_with_result)
  File "/home/airflow/.local/lib/python3.8/site-packages/sqlalchemy/engine/base.py", line 96, in __init__
    else engine.raw_connection()
  File "/home/airflow/.local/lib/python3.8/site-packages/sqlalchemy/engine/base.py", line 3404, in raw_connection
    return self._wrap_pool_connect(self.pool.connect, _connection)
  File "/home/airflow/.local/lib/python3.8/site-packages/sqlalchemy/engine/base.py", line 3374, in _wrap_pool_connect
    Connection._handle_dbapi_exception_noconnection(
  File "/home/airflow/.local/lib/python3.8/site-packages/sqlalchemy/engine/base.py", line 2208, in _handle_dbapi_exception_noconnection
    util.raise_(
  File "/home/airflow/.local/lib/python3.8/site-packages/sqlalchemy/util/compat.py", line 211, in raise_
    raise exception
  File "/home/airflow/.local/lib/python3.8/site-packages/sqlalchemy/engine/base.py", line 3371, in _wrap_pool_connect
    return fn()
  File "/home/airflow/.local/lib/python3.8/site-packages/sqlalchemy/pool/base.py", line 327, in connect
    return _ConnectionFairy._checkout(self)
  File "/home/airflow/.local/lib/python3.8/site-packages/sqlalchemy/pool/base.py", line 894, in _checkout
    fairy = _ConnectionRecord.checkout(pool)
  File "/home/airflow/.local/lib/python3.8/site-packages/sqlalchemy/pool/base.py", line 493, in checkout
    rec = pool._do_get()
  File "/home/airflow/.local/lib/python3.8/site-packages/sqlalchemy/pool/impl.py", line 256, in _do_get
    return self._create_connection()
  File "/home/airflow/.local/lib/python3.8/site-packages/sqlalchemy/pool/base.py", line 273, in _create_connection
    return _ConnectionRecord(self)
  File "/home/airflow/.local/lib/python3.8/site-packages/sqlalchemy/pool/base.py", line 388, in __init__
    self.__connect()
  File "/home/airflow/.local/lib/python3.8/site-packages/sqlalchemy/pool/base.py", line 691, in __connect
    pool.logger.debug("Error on connect(): %s", e)
  File "/home/airflow/.local/lib/python3.8/site-packages/sqlalchemy/util/langhelpers.py", line 70, in __exit__
    compat.raise_(
  File "/home/airflow/.local/lib/python3.8/site-packages/sqlalchemy/util/compat.py", line 211, in raise_
    raise exception
  File "/home/airflow/.local/lib/python3.8/site-packages/sqlalchemy/pool/base.py", line 686, in __connect
    self.dbapi_connection = connection = pool._invoke_creator(self)
  File "/home/airflow/.local/lib/python3.8/site-packages/sqlalchemy/engine/create.py", line 574, in connect
    return dialect.connect(*cargs, **cparams)
  File "/home/airflow/.local/lib/python3.8/site-packages/sqlalchemy/engine/default.py", line 598, in connect
    return self.dbapi.connect(*cargs, **cparams)
  File "/home/airflow/.local/lib/python3.8/site-packages/psycopg2/__init__.py", line 122, in connect
    conn = _connect(dsn, connection_factory=connection_factory, **kwasync)
sqlalchemy.exc.OperationalError: (psycopg2.OperationalError) could not translate host name "postgres" to address: Temporary failure in name resolution

(Background on this error at: https://sqlalche.me/e/14/e3q8)
