[2023-11-12T19:45:21.365+0000] {logging_mixin.py:154} INFO - Changing /opt/***/logs/dag_id=simulator_dag_4/run_id=scheduled__2023-11-11T00:00:00+00:00/task_id=setup_and_run_simulator_task_4 permission to 509
[2023-11-12T19:45:21.371+0000] {logging_mixin.py:154} INFO - Failed to change /opt/***/logs/dag_id=simulator_dag_4/run_id=scheduled__2023-11-11T00:00:00+00:00/task_id=setup_and_run_simulator_task_4 permission to 509: [Errno 1] Operation not permitted: '/opt/***/logs/dag_id=simulator_dag_4/run_id=scheduled__2023-11-11T00:00:00+00:00/task_id=setup_and_run_simulator_task_4'
[2023-11-12T19:45:21.501+0000] {logging_mixin.py:154} INFO - Changing /opt/***/logs/dag_id=simulator_dag_4/run_id=scheduled__2023-11-11T00:00:00+00:00/task_id=setup_and_run_simulator_task_4 permission to 509
[2023-11-12T19:45:21.508+0000] {logging_mixin.py:154} INFO - Failed to change /opt/***/logs/dag_id=simulator_dag_4/run_id=scheduled__2023-11-11T00:00:00+00:00/task_id=setup_and_run_simulator_task_4 permission to 509: [Errno 1] Operation not permitted: '/opt/***/logs/dag_id=simulator_dag_4/run_id=scheduled__2023-11-11T00:00:00+00:00/task_id=setup_and_run_simulator_task_4'
[2023-11-12T19:45:21.690+0000] {taskinstance.py:1159} INFO - Dependencies all met for dep_context=non-requeueable deps ti=<TaskInstance: simulator_dag_4.setup_and_run_simulator_task_4 scheduled__2023-11-11T00:00:00+00:00 [queued]>
[2023-11-12T19:45:21.759+0000] {taskinstance.py:1159} INFO - Dependencies all met for dep_context=requeueable deps ti=<TaskInstance: simulator_dag_4.setup_and_run_simulator_task_4 scheduled__2023-11-11T00:00:00+00:00 [queued]>
[2023-11-12T19:45:21.763+0000] {taskinstance.py:1361} INFO - Starting attempt 2 of 3
[2023-11-12T19:45:21.874+0000] {taskinstance.py:1382} INFO - Executing <Task(PythonOperator): setup_and_run_simulator_task_4> on 2023-11-11 00:00:00+00:00
[2023-11-12T19:45:21.908+0000] {standard_task_runner.py:57} INFO - Started process 1962 to run task
[2023-11-12T19:45:21.935+0000] {standard_task_runner.py:84} INFO - Running: ['***', 'tasks', 'run', 'simulator_dag_4', 'setup_and_run_simulator_task_4', 'scheduled__2023-11-11T00:00:00+00:00', '--job-id', '17', '--raw', '--subdir', 'DAGS_FOLDER/timeseries.py', '--cfg-path', '/tmp/tmpzmzyae3n']
[2023-11-12T19:45:21.971+0000] {standard_task_runner.py:85} INFO - Job 17: Subtask setup_and_run_simulator_task_4
[2023-11-12T19:45:22.351+0000] {logging_mixin.py:154} INFO - Changing /opt/***/logs/dag_id=simulator_dag_4/run_id=scheduled__2023-11-11T00:00:00+00:00/task_id=setup_and_run_simulator_task_4 permission to 509
[2023-11-12T19:45:22.354+0000] {logging_mixin.py:154} INFO - Failed to change /opt/***/logs/dag_id=simulator_dag_4/run_id=scheduled__2023-11-11T00:00:00+00:00/task_id=setup_and_run_simulator_task_4 permission to 509: [Errno 1] Operation not permitted: '/opt/***/logs/dag_id=simulator_dag_4/run_id=scheduled__2023-11-11T00:00:00+00:00/task_id=setup_and_run_simulator_task_4'
[2023-11-12T19:45:22.376+0000] {task_command.py:416} INFO - Running <TaskInstance: simulator_dag_4.setup_and_run_simulator_task_4 scheduled__2023-11-11T00:00:00+00:00 [running]> on host e15777c5c324
[2023-11-12T19:45:22.685+0000] {taskinstance.py:1662} INFO - Exporting env vars: AIRFLOW_CTX_DAG_OWNER='***' AIRFLOW_CTX_DAG_ID='simulator_dag_4' AIRFLOW_CTX_TASK_ID='setup_and_run_simulator_task_4' AIRFLOW_CTX_EXECUTION_DATE='2023-11-11T00:00:00+00:00' AIRFLOW_CTX_TRY_NUMBER='2' AIRFLOW_CTX_DAG_RUN_ID='scheduled__2023-11-11T00:00:00+00:00'
[2023-11-12T19:45:22.704+0000] {taskinstance.py:1937} ERROR - Task failed with exception
Traceback (most recent call last):
  File "/home/airflow/.local/lib/python3.8/site-packages/airflow/operators/python.py", line 192, in execute
    return_value = self.execute_callable()
  File "/home/airflow/.local/lib/python3.8/site-packages/airflow/operators/python.py", line 209, in execute_callable
    return self.python_callable(*self.op_args, **self.op_kwargs)
  File "/opt/airflow/dags/timeseries.py", line 55, in setup_and_run_simulator
    Path(working_directory).resolve().chdir()
AttributeError: 'PosixPath' object has no attribute 'chdir'
[2023-11-12T19:45:22.779+0000] {taskinstance.py:1400} INFO - Marking task as UP_FOR_RETRY. dag_id=simulator_dag_4, task_id=setup_and_run_simulator_task_4, execution_date=20231111T000000, start_date=20231112T194521, end_date=20231112T194522
[2023-11-12T19:45:22.864+0000] {standard_task_runner.py:104} ERROR - Failed to execute job 17 for task setup_and_run_simulator_task_4 ('PosixPath' object has no attribute 'chdir'; 1962)
[2023-11-12T19:45:22.943+0000] {local_task_job_runner.py:228} INFO - Task exited with return code 1
[2023-11-12T19:45:23.028+0000] {taskinstance.py:2778} INFO - 0 downstream tasks scheduled from follow-on schedule check
