[2023-11-12T21:02:05.225+0000] {logging_mixin.py:154} INFO - Changing /opt/***/logs/dag_id=simulator_dag_10/run_id=scheduled__2023-11-11T00:00:00+00:00/task_id=setup_and_run_simulator_task_10 permission to 509
[2023-11-12T21:02:05.227+0000] {logging_mixin.py:154} INFO - Failed to change /opt/***/logs/dag_id=simulator_dag_10/run_id=scheduled__2023-11-11T00:00:00+00:00/task_id=setup_and_run_simulator_task_10 permission to 509: [Errno 1] Operation not permitted: '/opt/***/logs/dag_id=simulator_dag_10/run_id=scheduled__2023-11-11T00:00:00+00:00/task_id=setup_and_run_simulator_task_10'
[2023-11-12T21:02:05.271+0000] {logging_mixin.py:154} INFO - Changing /opt/***/logs/dag_id=simulator_dag_10/run_id=scheduled__2023-11-11T00:00:00+00:00/task_id=setup_and_run_simulator_task_10 permission to 509
[2023-11-12T21:02:05.273+0000] {logging_mixin.py:154} INFO - Failed to change /opt/***/logs/dag_id=simulator_dag_10/run_id=scheduled__2023-11-11T00:00:00+00:00/task_id=setup_and_run_simulator_task_10 permission to 509: [Errno 1] Operation not permitted: '/opt/***/logs/dag_id=simulator_dag_10/run_id=scheduled__2023-11-11T00:00:00+00:00/task_id=setup_and_run_simulator_task_10'
[2023-11-12T21:02:05.312+0000] {taskinstance.py:1159} INFO - Dependencies all met for dep_context=non-requeueable deps ti=<TaskInstance: simulator_dag_10.setup_and_run_simulator_task_10 scheduled__2023-11-11T00:00:00+00:00 [queued]>
[2023-11-12T21:02:05.326+0000] {taskinstance.py:1159} INFO - Dependencies all met for dep_context=requeueable deps ti=<TaskInstance: simulator_dag_10.setup_and_run_simulator_task_10 scheduled__2023-11-11T00:00:00+00:00 [queued]>
[2023-11-12T21:02:05.327+0000] {taskinstance.py:1361} INFO - Starting attempt 1 of 3
[2023-11-12T21:02:05.344+0000] {taskinstance.py:1382} INFO - Executing <Task(PythonOperator): setup_and_run_simulator_task_10> on 2023-11-11 00:00:00+00:00
[2023-11-12T21:02:05.352+0000] {standard_task_runner.py:57} INFO - Started process 69 to run task
[2023-11-12T21:02:05.359+0000] {standard_task_runner.py:84} INFO - Running: ['***', 'tasks', 'run', 'simulator_dag_10', 'setup_and_run_simulator_task_10', 'scheduled__2023-11-11T00:00:00+00:00', '--job-id', '36', '--raw', '--subdir', 'DAGS_FOLDER/timeseries.py', '--cfg-path', '/tmp/tmpnj_zg18_']
[2023-11-12T21:02:05.366+0000] {standard_task_runner.py:85} INFO - Job 36: Subtask setup_and_run_simulator_task_10
[2023-11-12T21:02:05.469+0000] {logging_mixin.py:154} INFO - Changing /opt/***/logs/dag_id=simulator_dag_10/run_id=scheduled__2023-11-11T00:00:00+00:00/task_id=setup_and_run_simulator_task_10 permission to 509
[2023-11-12T21:02:05.471+0000] {logging_mixin.py:154} INFO - Failed to change /opt/***/logs/dag_id=simulator_dag_10/run_id=scheduled__2023-11-11T00:00:00+00:00/task_id=setup_and_run_simulator_task_10 permission to 509: [Errno 1] Operation not permitted: '/opt/***/logs/dag_id=simulator_dag_10/run_id=scheduled__2023-11-11T00:00:00+00:00/task_id=setup_and_run_simulator_task_10'
[2023-11-12T21:02:05.477+0000] {task_command.py:416} INFO - Running <TaskInstance: simulator_dag_10.setup_and_run_simulator_task_10 scheduled__2023-11-11T00:00:00+00:00 [running]> on host 84c765240aba
[2023-11-12T21:02:05.735+0000] {taskinstance.py:1662} INFO - Exporting env vars: AIRFLOW_CTX_DAG_OWNER='***' AIRFLOW_CTX_DAG_ID='simulator_dag_10' AIRFLOW_CTX_TASK_ID='setup_and_run_simulator_task_10' AIRFLOW_CTX_EXECUTION_DATE='2023-11-11T00:00:00+00:00' AIRFLOW_CTX_TRY_NUMBER='1' AIRFLOW_CTX_DAG_RUN_ID='scheduled__2023-11-11T00:00:00+00:00'
[2023-11-12T21:02:05.833+0000] {python.py:194} INFO - Done. Returned value was: None
[2023-11-12T21:02:05.848+0000] {logging_mixin.py:154} INFO - Simulator process started
[2023-11-12T21:02:05.861+0000] {logging_mixin.py:154} INFO - Simulator process ID: 71
[2023-11-12T21:02:05.874+0000] {logging_mixin.py:154} INFO - Waiting for simulator process to complete...
[2023-11-12T21:02:05.872+0000] {taskinstance.py:1400} INFO - Marking task as SUCCESS. dag_id=simulator_dag_10, task_id=setup_and_run_simulator_task_10, execution_date=20231111T000000, start_date=20231112T210205, end_date=20231112T210205
[2023-11-12T21:02:06.039+0000] {local_task_job_runner.py:228} INFO - Task exited with return code 0
[2023-11-12T21:02:06.076+0000] {taskinstance.py:2778} INFO - 0 downstream tasks scheduled from follow-on schedule check
