[2023-11-14T00:08:32.795+0000] {logging_mixin.py:154} INFO - Changing /opt/***/logs/dag_id=simulator_dag_18/run_id=scheduled__2023-11-13T00:00:00+00:00/task_id=setup_and_run_simulator_task_18 permission to 509
[2023-11-14T00:08:32.800+0000] {logging_mixin.py:154} INFO - Failed to change /opt/***/logs/dag_id=simulator_dag_18/run_id=scheduled__2023-11-13T00:00:00+00:00/task_id=setup_and_run_simulator_task_18 permission to 509: [Errno 1] Operation not permitted: '/opt/***/logs/dag_id=simulator_dag_18/run_id=scheduled__2023-11-13T00:00:00+00:00/task_id=setup_and_run_simulator_task_18'
[2023-11-14T00:08:32.917+0000] {logging_mixin.py:154} INFO - Changing /opt/***/logs/dag_id=simulator_dag_18/run_id=scheduled__2023-11-13T00:00:00+00:00/task_id=setup_and_run_simulator_task_18 permission to 509
[2023-11-14T00:08:32.921+0000] {logging_mixin.py:154} INFO - Failed to change /opt/***/logs/dag_id=simulator_dag_18/run_id=scheduled__2023-11-13T00:00:00+00:00/task_id=setup_and_run_simulator_task_18 permission to 509: [Errno 1] Operation not permitted: '/opt/***/logs/dag_id=simulator_dag_18/run_id=scheduled__2023-11-13T00:00:00+00:00/task_id=setup_and_run_simulator_task_18'
[2023-11-14T00:08:33.121+0000] {taskinstance.py:1159} INFO - Dependencies all met for dep_context=non-requeueable deps ti=<TaskInstance: simulator_dag_18.setup_and_run_simulator_task_18 scheduled__2023-11-13T00:00:00+00:00 [queued]>
[2023-11-14T00:08:33.174+0000] {taskinstance.py:1159} INFO - Dependencies all met for dep_context=requeueable deps ti=<TaskInstance: simulator_dag_18.setup_and_run_simulator_task_18 scheduled__2023-11-13T00:00:00+00:00 [queued]>
[2023-11-14T00:08:33.175+0000] {taskinstance.py:1361} INFO - Starting attempt 1 of 3
[2023-11-14T00:08:33.234+0000] {taskinstance.py:1382} INFO - Executing <Task(PythonOperator): setup_and_run_simulator_task_18> on 2023-11-13 00:00:00+00:00
[2023-11-14T00:08:33.267+0000] {standard_task_runner.py:57} INFO - Started process 13167 to run task
[2023-11-14T00:08:33.292+0000] {standard_task_runner.py:84} INFO - Running: ['***', 'tasks', 'run', 'simulator_dag_18', 'setup_and_run_simulator_task_18', 'scheduled__2023-11-13T00:00:00+00:00', '--job-id', '171', '--raw', '--subdir', 'DAGS_FOLDER/timeseries.py', '--cfg-path', '/tmp/tmpab0yj9z1']
[2023-11-14T00:08:33.315+0000] {standard_task_runner.py:85} INFO - Job 171: Subtask setup_and_run_simulator_task_18
[2023-11-14T00:08:33.551+0000] {logging_mixin.py:154} INFO - Changing /opt/***/logs/dag_id=simulator_dag_18/run_id=scheduled__2023-11-13T00:00:00+00:00/task_id=setup_and_run_simulator_task_18 permission to 509
[2023-11-14T00:08:33.553+0000] {logging_mixin.py:154} INFO - Failed to change /opt/***/logs/dag_id=simulator_dag_18/run_id=scheduled__2023-11-13T00:00:00+00:00/task_id=setup_and_run_simulator_task_18 permission to 509: [Errno 1] Operation not permitted: '/opt/***/logs/dag_id=simulator_dag_18/run_id=scheduled__2023-11-13T00:00:00+00:00/task_id=setup_and_run_simulator_task_18'
[2023-11-14T00:08:33.565+0000] {task_command.py:416} INFO - Running <TaskInstance: simulator_dag_18.setup_and_run_simulator_task_18 scheduled__2023-11-13T00:00:00+00:00 [running]> on host 84c765240aba
[2023-11-14T00:08:33.896+0000] {taskinstance.py:1662} INFO - Exporting env vars: AIRFLOW_CTX_DAG_OWNER='***' AIRFLOW_CTX_DAG_ID='simulator_dag_18' AIRFLOW_CTX_TASK_ID='setup_and_run_simulator_task_18' AIRFLOW_CTX_EXECUTION_DATE='2023-11-13T00:00:00+00:00' AIRFLOW_CTX_TRY_NUMBER='1' AIRFLOW_CTX_DAG_RUN_ID='scheduled__2023-11-13T00:00:00+00:00'
[2023-11-14T00:08:34.659+0000] {logging_mixin.py:154} INFO - Standard Output: 
[2023-11-14T00:08:34.662+0000] {logging_mixin.py:154} INFO - Standard Error: Traceback (most recent call last):
  File "/djangoapp/Task1/main.py", line 1, in <module>
    from datetime import datetime, timedelta
  File "<frozen importlib._bootstrap>", line 991, in _find_and_load
  File "<frozen importlib._bootstrap>", line 971, in _find_and_load_unlocked
  File "<frozen importlib._bootstrap>", line 914, in _find_spec
  File "<frozen importlib._bootstrap_external>", line 1407, in find_spec
  File "<frozen importlib._bootstrap_external>", line 1379, in _get_spec
  File "<frozen importlib._bootstrap_external>", line 1510, in find_spec
  File "<frozen importlib._bootstrap_external>", line 1553, in _fill_cache
OSError: [Errno 12] Cannot allocate memory: '/djangoapp/Task1'
[2023-11-14T00:08:34.663+0000] {logging_mixin.py:154} INFO - this is my stattututututs 1
[2023-11-14T00:08:34.675+0000] {logging_mixin.py:154} INFO - this is hiiiim <Thread(Thread-1, initial)>
[2023-11-14T00:08:34.680+0000] {python.py:194} INFO - Done. Returned value was: None
[2023-11-14T00:08:34.722+0000] {taskinstance.py:1400} INFO - Marking task as SUCCESS. dag_id=simulator_dag_18, task_id=setup_and_run_simulator_task_18, execution_date=20231113T000000, start_date=20231114T000833, end_date=20231114T000834
[2023-11-14T00:08:34.825+0000] {local_task_job_runner.py:228} INFO - Task exited with return code 0
[2023-11-14T00:08:35.097+0000] {taskinstance.py:2778} INFO - 0 downstream tasks scheduled from follow-on schedule check
