[2023-11-12T22:08:53.656+0000] {logging_mixin.py:154} INFO - Changing /opt/***/logs/dag_id=simulator_dag_24/run_id=scheduled__2023-11-11T00:00:00+00:00/task_id=setup_and_run_simulator_task_24 permission to 509
[2023-11-12T22:08:53.662+0000] {logging_mixin.py:154} INFO - Failed to change /opt/***/logs/dag_id=simulator_dag_24/run_id=scheduled__2023-11-11T00:00:00+00:00/task_id=setup_and_run_simulator_task_24 permission to 509: [Errno 1] Operation not permitted: '/opt/***/logs/dag_id=simulator_dag_24/run_id=scheduled__2023-11-11T00:00:00+00:00/task_id=setup_and_run_simulator_task_24'
[2023-11-12T22:08:53.715+0000] {logging_mixin.py:154} INFO - Changing /opt/***/logs/dag_id=simulator_dag_24/run_id=scheduled__2023-11-11T00:00:00+00:00/task_id=setup_and_run_simulator_task_24 permission to 509
[2023-11-12T22:08:53.717+0000] {logging_mixin.py:154} INFO - Failed to change /opt/***/logs/dag_id=simulator_dag_24/run_id=scheduled__2023-11-11T00:00:00+00:00/task_id=setup_and_run_simulator_task_24 permission to 509: [Errno 1] Operation not permitted: '/opt/***/logs/dag_id=simulator_dag_24/run_id=scheduled__2023-11-11T00:00:00+00:00/task_id=setup_and_run_simulator_task_24'
[2023-11-12T22:08:53.773+0000] {taskinstance.py:1159} INFO - Dependencies all met for dep_context=non-requeueable deps ti=<TaskInstance: simulator_dag_24.setup_and_run_simulator_task_24 scheduled__2023-11-11T00:00:00+00:00 [queued]>
[2023-11-12T22:08:53.801+0000] {taskinstance.py:1159} INFO - Dependencies all met for dep_context=requeueable deps ti=<TaskInstance: simulator_dag_24.setup_and_run_simulator_task_24 scheduled__2023-11-11T00:00:00+00:00 [queued]>
[2023-11-12T22:08:53.802+0000] {taskinstance.py:1361} INFO - Starting attempt 1 of 3
[2023-11-12T22:08:53.829+0000] {taskinstance.py:1382} INFO - Executing <Task(PythonOperator): setup_and_run_simulator_task_24> on 2023-11-11 00:00:00+00:00
[2023-11-12T22:08:53.837+0000] {standard_task_runner.py:57} INFO - Started process 282 to run task
[2023-11-12T22:08:53.846+0000] {standard_task_runner.py:84} INFO - Running: ['***', 'tasks', 'run', 'simulator_dag_24', 'setup_and_run_simulator_task_24', 'scheduled__2023-11-11T00:00:00+00:00', '--job-id', '58', '--raw', '--subdir', 'DAGS_FOLDER/timeseries.py', '--cfg-path', '/tmp/tmpu6gov3r9']
[2023-11-12T22:08:53.852+0000] {standard_task_runner.py:85} INFO - Job 58: Subtask setup_and_run_simulator_task_24
[2023-11-12T22:08:53.951+0000] {logging_mixin.py:154} INFO - Changing /opt/***/logs/dag_id=simulator_dag_24/run_id=scheduled__2023-11-11T00:00:00+00:00/task_id=setup_and_run_simulator_task_24 permission to 509
[2023-11-12T22:08:53.953+0000] {logging_mixin.py:154} INFO - Failed to change /opt/***/logs/dag_id=simulator_dag_24/run_id=scheduled__2023-11-11T00:00:00+00:00/task_id=setup_and_run_simulator_task_24 permission to 509: [Errno 1] Operation not permitted: '/opt/***/logs/dag_id=simulator_dag_24/run_id=scheduled__2023-11-11T00:00:00+00:00/task_id=setup_and_run_simulator_task_24'
[2023-11-12T22:08:53.961+0000] {task_command.py:416} INFO - Running <TaskInstance: simulator_dag_24.setup_and_run_simulator_task_24 scheduled__2023-11-11T00:00:00+00:00 [running]> on host 84c765240aba
[2023-11-12T22:08:54.123+0000] {taskinstance.py:1662} INFO - Exporting env vars: AIRFLOW_CTX_DAG_OWNER='***' AIRFLOW_CTX_DAG_ID='simulator_dag_24' AIRFLOW_CTX_TASK_ID='setup_and_run_simulator_task_24' AIRFLOW_CTX_EXECUTION_DATE='2023-11-11T00:00:00+00:00' AIRFLOW_CTX_TRY_NUMBER='1' AIRFLOW_CTX_DAG_RUN_ID='scheduled__2023-11-11T00:00:00+00:00'
[2023-11-12T22:08:57.386+0000] {logging_mixin.py:154} INFO - Standard Output: 
[2023-11-12T22:08:57.387+0000] {logging_mixin.py:154} INFO - Standard Error: Traceback (most recent call last):
  File "/djangoapp/Task1/main.py", line 74, in <module>
    main()
  File "/djangoapp/Task1/main.py", line 24, in main
    with open(config_file_path, "r") as config_file:
FileNotFoundError: [Errno 2] No such file or directory: '/djangoapp/Task1/Task1/system_config.yaml'
[2023-11-12T22:08:57.394+0000] {logging_mixin.py:154} INFO - this is hiiiim <Thread(Thread-1, initial)>
[2023-11-12T22:08:57.398+0000] {python.py:194} INFO - Done. Returned value was: None
[2023-11-12T22:08:57.414+0000] {taskinstance.py:1400} INFO - Marking task as SUCCESS. dag_id=simulator_dag_24, task_id=setup_and_run_simulator_task_24, execution_date=20231111T000000, start_date=20231112T220853, end_date=20231112T220857
[2023-11-12T22:08:57.459+0000] {local_task_job_runner.py:228} INFO - Task exited with return code 0
[2023-11-12T22:08:57.482+0000] {taskinstance.py:2778} INFO - 0 downstream tasks scheduled from follow-on schedule check
