[2023-11-17T10:52:47.606+0000] {logging_mixin.py:154} INFO - Changing /opt/***/logs/dag_id=simulator_dag_15/run_id=scheduled__2023-11-15T00:00:00+00:00/task_id=setup_and_run_simulator_task_15 permission to 509
[2023-11-17T10:52:47.610+0000] {logging_mixin.py:154} INFO - Failed to change /opt/***/logs/dag_id=simulator_dag_15/run_id=scheduled__2023-11-15T00:00:00+00:00/task_id=setup_and_run_simulator_task_15 permission to 509: [Errno 1] Operation not permitted: '/opt/***/logs/dag_id=simulator_dag_15/run_id=scheduled__2023-11-15T00:00:00+00:00/task_id=setup_and_run_simulator_task_15'
[2023-11-17T10:52:47.955+0000] {logging_mixin.py:154} INFO - Changing /opt/***/logs/dag_id=simulator_dag_15/run_id=scheduled__2023-11-15T00:00:00+00:00/task_id=setup_and_run_simulator_task_15 permission to 509
[2023-11-17T10:52:47.958+0000] {logging_mixin.py:154} INFO - Failed to change /opt/***/logs/dag_id=simulator_dag_15/run_id=scheduled__2023-11-15T00:00:00+00:00/task_id=setup_and_run_simulator_task_15 permission to 509: [Errno 1] Operation not permitted: '/opt/***/logs/dag_id=simulator_dag_15/run_id=scheduled__2023-11-15T00:00:00+00:00/task_id=setup_and_run_simulator_task_15'
[2023-11-17T10:52:48.144+0000] {taskinstance.py:1159} INFO - Dependencies all met for dep_context=non-requeueable deps ti=<TaskInstance: simulator_dag_15.setup_and_run_simulator_task_15 scheduled__2023-11-15T00:00:00+00:00 [queued]>
[2023-11-17T10:52:48.181+0000] {taskinstance.py:1159} INFO - Dependencies all met for dep_context=requeueable deps ti=<TaskInstance: simulator_dag_15.setup_and_run_simulator_task_15 scheduled__2023-11-15T00:00:00+00:00 [queued]>
[2023-11-17T10:52:48.194+0000] {taskinstance.py:1361} INFO - Starting attempt 2 of 3
[2023-11-17T10:52:48.270+0000] {taskinstance.py:1382} INFO - Executing <Task(PythonOperator): setup_and_run_simulator_task_15> on 2023-11-15 00:00:00+00:00
[2023-11-17T10:52:48.288+0000] {standard_task_runner.py:57} INFO - Started process 37642 to run task
[2023-11-17T10:52:48.336+0000] {standard_task_runner.py:84} INFO - Running: ['***', 'tasks', 'run', 'simulator_dag_15', 'setup_and_run_simulator_task_15', 'scheduled__2023-11-15T00:00:00+00:00', '--job-id', '354', '--raw', '--subdir', 'DAGS_FOLDER/timeseries.py', '--cfg-path', '/tmp/tmp1708ebnm']
[2023-11-17T10:52:48.358+0000] {standard_task_runner.py:85} INFO - Job 354: Subtask setup_and_run_simulator_task_15
[2023-11-17T10:52:48.592+0000] {logging_mixin.py:154} INFO - Changing /opt/***/logs/dag_id=simulator_dag_15/run_id=scheduled__2023-11-15T00:00:00+00:00/task_id=setup_and_run_simulator_task_15 permission to 509
[2023-11-17T10:52:48.594+0000] {logging_mixin.py:154} INFO - Failed to change /opt/***/logs/dag_id=simulator_dag_15/run_id=scheduled__2023-11-15T00:00:00+00:00/task_id=setup_and_run_simulator_task_15 permission to 509: [Errno 1] Operation not permitted: '/opt/***/logs/dag_id=simulator_dag_15/run_id=scheduled__2023-11-15T00:00:00+00:00/task_id=setup_and_run_simulator_task_15'
[2023-11-17T10:52:48.615+0000] {task_command.py:416} INFO - Running <TaskInstance: simulator_dag_15.setup_and_run_simulator_task_15 scheduled__2023-11-15T00:00:00+00:00 [running]> on host 84c765240aba
[2023-11-17T10:52:49.120+0000] {taskinstance.py:1662} INFO - Exporting env vars: AIRFLOW_CTX_DAG_OWNER='***' AIRFLOW_CTX_DAG_ID='simulator_dag_15' AIRFLOW_CTX_TASK_ID='setup_and_run_simulator_task_15' AIRFLOW_CTX_EXECUTION_DATE='2023-11-15T00:00:00+00:00' AIRFLOW_CTX_TRY_NUMBER='2' AIRFLOW_CTX_DAG_RUN_ID='scheduled__2023-11-15T00:00:00+00:00'
[2023-11-17T16:54:04.028+0000] {logging_mixin.py:154} INFO - Changing /opt/***/logs/dag_id=simulator_dag_15/run_id=scheduled__2023-11-15T00:00:00+00:00/task_id=setup_and_run_simulator_task_15 permission to 509
[2023-11-17T16:54:04.031+0000] {logging_mixin.py:154} INFO - Failed to change /opt/***/logs/dag_id=simulator_dag_15/run_id=scheduled__2023-11-15T00:00:00+00:00/task_id=setup_and_run_simulator_task_15 permission to 509: [Errno 1] Operation not permitted: '/opt/***/logs/dag_id=simulator_dag_15/run_id=scheduled__2023-11-15T00:00:00+00:00/task_id=setup_and_run_simulator_task_15'
[2023-11-17T16:54:04.063+0000] {logging_mixin.py:154} INFO - Changing /opt/***/logs/dag_id=simulator_dag_15/run_id=scheduled__2023-11-15T00:00:00+00:00/task_id=setup_and_run_simulator_task_15 permission to 509
[2023-11-17T16:54:04.064+0000] {logging_mixin.py:154} INFO - Failed to change /opt/***/logs/dag_id=simulator_dag_15/run_id=scheduled__2023-11-15T00:00:00+00:00/task_id=setup_and_run_simulator_task_15 permission to 509: [Errno 1] Operation not permitted: '/opt/***/logs/dag_id=simulator_dag_15/run_id=scheduled__2023-11-15T00:00:00+00:00/task_id=setup_and_run_simulator_task_15'
[2023-11-17T16:54:04.088+0000] {taskinstance.py:1149} INFO - Dependencies not met for <TaskInstance: simulator_dag_15.setup_and_run_simulator_task_15 scheduled__2023-11-15T00:00:00+00:00 [running]>, dependency 'Task Instance State' FAILED: Task is in the 'running' state.
[2023-11-17T16:54:04.098+0000] {taskinstance.py:1149} INFO - Dependencies not met for <TaskInstance: simulator_dag_15.setup_and_run_simulator_task_15 scheduled__2023-11-15T00:00:00+00:00 [running]>, dependency 'Task Instance Not Running' FAILED: Task is in the running state
[2023-11-17T16:54:04.101+0000] {local_task_job_runner.py:154} INFO - Task is not able to be run
