[2023-11-12T19:48:14.722+0000] {logging_mixin.py:154} INFO - Changing /opt/***/logs/dag_id=simulator_dag_5/run_id=scheduled__2023-11-11T00:00:00+00:00/task_id=setup_and_run_simulator_task_5 permission to 509
[2023-11-12T19:48:14.725+0000] {logging_mixin.py:154} INFO - Failed to change /opt/***/logs/dag_id=simulator_dag_5/run_id=scheduled__2023-11-11T00:00:00+00:00/task_id=setup_and_run_simulator_task_5 permission to 509: [Errno 1] Operation not permitted: '/opt/***/logs/dag_id=simulator_dag_5/run_id=scheduled__2023-11-11T00:00:00+00:00/task_id=setup_and_run_simulator_task_5'
[2023-11-12T19:48:14.804+0000] {logging_mixin.py:154} INFO - Changing /opt/***/logs/dag_id=simulator_dag_5/run_id=scheduled__2023-11-11T00:00:00+00:00/task_id=setup_and_run_simulator_task_5 permission to 509
[2023-11-12T19:48:14.807+0000] {logging_mixin.py:154} INFO - Failed to change /opt/***/logs/dag_id=simulator_dag_5/run_id=scheduled__2023-11-11T00:00:00+00:00/task_id=setup_and_run_simulator_task_5 permission to 509: [Errno 1] Operation not permitted: '/opt/***/logs/dag_id=simulator_dag_5/run_id=scheduled__2023-11-11T00:00:00+00:00/task_id=setup_and_run_simulator_task_5'
[2023-11-12T19:48:14.942+0000] {taskinstance.py:1159} INFO - Dependencies all met for dep_context=non-requeueable deps ti=<TaskInstance: simulator_dag_5.setup_and_run_simulator_task_5 scheduled__2023-11-11T00:00:00+00:00 [queued]>
[2023-11-12T19:48:14.988+0000] {taskinstance.py:1159} INFO - Dependencies all met for dep_context=requeueable deps ti=<TaskInstance: simulator_dag_5.setup_and_run_simulator_task_5 scheduled__2023-11-11T00:00:00+00:00 [queued]>
[2023-11-12T19:48:14.990+0000] {taskinstance.py:1361} INFO - Starting attempt 2 of 3
[2023-11-12T19:48:15.053+0000] {taskinstance.py:1382} INFO - Executing <Task(PythonOperator): setup_and_run_simulator_task_5> on 2023-11-11 00:00:00+00:00
[2023-11-12T19:48:15.074+0000] {standard_task_runner.py:57} INFO - Started process 2003 to run task
[2023-11-12T19:48:15.097+0000] {standard_task_runner.py:84} INFO - Running: ['***', 'tasks', 'run', 'simulator_dag_5', 'setup_and_run_simulator_task_5', 'scheduled__2023-11-11T00:00:00+00:00', '--job-id', '20', '--raw', '--subdir', 'DAGS_FOLDER/timeseries.py', '--cfg-path', '/tmp/tmp5nyira9s']
[2023-11-12T19:48:15.118+0000] {standard_task_runner.py:85} INFO - Job 20: Subtask setup_and_run_simulator_task_5
[2023-11-12T19:48:15.327+0000] {logging_mixin.py:154} INFO - Changing /opt/***/logs/dag_id=simulator_dag_5/run_id=scheduled__2023-11-11T00:00:00+00:00/task_id=setup_and_run_simulator_task_5 permission to 509
[2023-11-12T19:48:15.330+0000] {logging_mixin.py:154} INFO - Failed to change /opt/***/logs/dag_id=simulator_dag_5/run_id=scheduled__2023-11-11T00:00:00+00:00/task_id=setup_and_run_simulator_task_5 permission to 509: [Errno 1] Operation not permitted: '/opt/***/logs/dag_id=simulator_dag_5/run_id=scheduled__2023-11-11T00:00:00+00:00/task_id=setup_and_run_simulator_task_5'
[2023-11-12T19:48:15.342+0000] {task_command.py:416} INFO - Running <TaskInstance: simulator_dag_5.setup_and_run_simulator_task_5 scheduled__2023-11-11T00:00:00+00:00 [running]> on host e15777c5c324
[2023-11-12T19:48:15.592+0000] {taskinstance.py:1662} INFO - Exporting env vars: AIRFLOW_CTX_DAG_OWNER='***' AIRFLOW_CTX_DAG_ID='simulator_dag_5' AIRFLOW_CTX_TASK_ID='setup_and_run_simulator_task_5' AIRFLOW_CTX_EXECUTION_DATE='2023-11-11T00:00:00+00:00' AIRFLOW_CTX_TRY_NUMBER='2' AIRFLOW_CTX_DAG_RUN_ID='scheduled__2023-11-11T00:00:00+00:00'
[2023-11-12T19:48:15.606+0000] {taskinstance.py:1937} ERROR - Task failed with exception
Traceback (most recent call last):
  File "/home/airflow/.local/lib/python3.8/site-packages/airflow/operators/python.py", line 192, in execute
    return_value = self.execute_callable()
  File "/home/airflow/.local/lib/python3.8/site-packages/airflow/operators/python.py", line 209, in execute_callable
    return self.python_callable(*self.op_args, **self.op_kwargs)
  File "/opt/airflow/dags/timeseries.py", line 55, in setup_and_run_simulator
    os.chdir(working_directory)
NotADirectoryError: [Errno 20] Not a directory: '/djangoapp/Task1/main.py'
[2023-11-12T19:48:15.684+0000] {taskinstance.py:1400} INFO - Marking task as UP_FOR_RETRY. dag_id=simulator_dag_5, task_id=setup_and_run_simulator_task_5, execution_date=20231111T000000, start_date=20231112T194814, end_date=20231112T194815
[2023-11-12T19:48:15.746+0000] {standard_task_runner.py:104} ERROR - Failed to execute job 20 for task setup_and_run_simulator_task_5 ([Errno 20] Not a directory: '/djangoapp/Task1/main.py'; 2003)
[2023-11-12T19:48:15.821+0000] {local_task_job_runner.py:228} INFO - Task exited with return code 1
[2023-11-12T19:48:15.933+0000] {taskinstance.py:2778} INFO - 0 downstream tasks scheduled from follow-on schedule check
