[2023-11-17T10:51:40.572+0000] {logging_mixin.py:154} INFO - Changing /opt/***/logs/dag_id=simulator_dag_16/run_id=scheduled__2023-11-16T00:00:00+00:00/task_id=setup_and_run_simulator_task_16 permission to 509
[2023-11-17T10:51:40.580+0000] {logging_mixin.py:154} INFO - Failed to change /opt/***/logs/dag_id=simulator_dag_16/run_id=scheduled__2023-11-16T00:00:00+00:00/task_id=setup_and_run_simulator_task_16 permission to 509: [Errno 1] Operation not permitted: '/opt/***/logs/dag_id=simulator_dag_16/run_id=scheduled__2023-11-16T00:00:00+00:00/task_id=setup_and_run_simulator_task_16'
[2023-11-17T10:51:50.055+0000] {logging_mixin.py:154} INFO - Changing /opt/***/logs/dag_id=simulator_dag_16/run_id=scheduled__2023-11-16T00:00:00+00:00/task_id=setup_and_run_simulator_task_16 permission to 509
[2023-11-17T10:51:50.059+0000] {logging_mixin.py:154} INFO - Failed to change /opt/***/logs/dag_id=simulator_dag_16/run_id=scheduled__2023-11-16T00:00:00+00:00/task_id=setup_and_run_simulator_task_16 permission to 509: [Errno 1] Operation not permitted: '/opt/***/logs/dag_id=simulator_dag_16/run_id=scheduled__2023-11-16T00:00:00+00:00/task_id=setup_and_run_simulator_task_16'
[2023-11-17T10:51:50.236+0000] {taskinstance.py:1159} INFO - Dependencies all met for dep_context=non-requeueable deps ti=<TaskInstance: simulator_dag_16.setup_and_run_simulator_task_16 scheduled__2023-11-16T00:00:00+00:00 [queued]>
[2023-11-17T10:51:50.315+0000] {taskinstance.py:1159} INFO - Dependencies all met for dep_context=requeueable deps ti=<TaskInstance: simulator_dag_16.setup_and_run_simulator_task_16 scheduled__2023-11-16T00:00:00+00:00 [queued]>
[2023-11-17T10:51:50.317+0000] {taskinstance.py:1361} INFO - Starting attempt 1 of 3
[2023-11-17T10:51:50.508+0000] {taskinstance.py:1382} INFO - Executing <Task(PythonOperator): setup_and_run_simulator_task_16> on 2023-11-16 00:00:00+00:00
[2023-11-17T10:51:50.634+0000] {standard_task_runner.py:57} INFO - Started process 37251 to run task
[2023-11-17T10:51:50.739+0000] {standard_task_runner.py:84} INFO - Running: ['***', 'tasks', 'run', 'simulator_dag_16', 'setup_and_run_simulator_task_16', 'scheduled__2023-11-16T00:00:00+00:00', '--job-id', '337', '--raw', '--subdir', 'DAGS_FOLDER/timeseries.py', '--cfg-path', '/tmp/tmpsacdjwna']
[2023-11-17T10:51:50.893+0000] {standard_task_runner.py:85} INFO - Job 337: Subtask setup_and_run_simulator_task_16
[2023-11-17T10:51:51.345+0000] {logging_mixin.py:154} INFO - Changing /opt/***/logs/dag_id=simulator_dag_16/run_id=scheduled__2023-11-16T00:00:00+00:00/task_id=setup_and_run_simulator_task_16 permission to 509
[2023-11-17T10:51:51.350+0000] {logging_mixin.py:154} INFO - Failed to change /opt/***/logs/dag_id=simulator_dag_16/run_id=scheduled__2023-11-16T00:00:00+00:00/task_id=setup_and_run_simulator_task_16 permission to 509: [Errno 1] Operation not permitted: '/opt/***/logs/dag_id=simulator_dag_16/run_id=scheduled__2023-11-16T00:00:00+00:00/task_id=setup_and_run_simulator_task_16'
[2023-11-17T10:51:51.378+0000] {task_command.py:416} INFO - Running <TaskInstance: simulator_dag_16.setup_and_run_simulator_task_16 scheduled__2023-11-16T00:00:00+00:00 [running]> on host 84c765240aba
[2023-11-17T10:51:53.761+0000] {taskinstance.py:1662} INFO - Exporting env vars: AIRFLOW_CTX_DAG_OWNER='***' AIRFLOW_CTX_DAG_ID='simulator_dag_16' AIRFLOW_CTX_TASK_ID='setup_and_run_simulator_task_16' AIRFLOW_CTX_EXECUTION_DATE='2023-11-16T00:00:00+00:00' AIRFLOW_CTX_TRY_NUMBER='1' AIRFLOW_CTX_DAG_RUN_ID='scheduled__2023-11-16T00:00:00+00:00'
[2023-11-17T16:52:23.528+0000] {logging_mixin.py:154} INFO - Changing /opt/***/logs/dag_id=simulator_dag_16/run_id=scheduled__2023-11-16T00:00:00+00:00/task_id=setup_and_run_simulator_task_16 permission to 509
[2023-11-17T16:52:23.531+0000] {logging_mixin.py:154} INFO - Failed to change /opt/***/logs/dag_id=simulator_dag_16/run_id=scheduled__2023-11-16T00:00:00+00:00/task_id=setup_and_run_simulator_task_16 permission to 509: [Errno 1] Operation not permitted: '/opt/***/logs/dag_id=simulator_dag_16/run_id=scheduled__2023-11-16T00:00:00+00:00/task_id=setup_and_run_simulator_task_16'
[2023-11-17T16:52:23.566+0000] {logging_mixin.py:154} INFO - Changing /opt/***/logs/dag_id=simulator_dag_16/run_id=scheduled__2023-11-16T00:00:00+00:00/task_id=setup_and_run_simulator_task_16 permission to 509
[2023-11-17T16:52:23.567+0000] {logging_mixin.py:154} INFO - Failed to change /opt/***/logs/dag_id=simulator_dag_16/run_id=scheduled__2023-11-16T00:00:00+00:00/task_id=setup_and_run_simulator_task_16 permission to 509: [Errno 1] Operation not permitted: '/opt/***/logs/dag_id=simulator_dag_16/run_id=scheduled__2023-11-16T00:00:00+00:00/task_id=setup_and_run_simulator_task_16'
[2023-11-17T16:52:23.589+0000] {taskinstance.py:1149} INFO - Dependencies not met for <TaskInstance: simulator_dag_16.setup_and_run_simulator_task_16 scheduled__2023-11-16T00:00:00+00:00 [running]>, dependency 'Task Instance State' FAILED: Task is in the 'running' state.
[2023-11-17T16:52:23.597+0000] {taskinstance.py:1149} INFO - Dependencies not met for <TaskInstance: simulator_dag_16.setup_and_run_simulator_task_16 scheduled__2023-11-16T00:00:00+00:00 [running]>, dependency 'Task Instance Not Running' FAILED: Task is in the running state
[2023-11-17T16:52:23.601+0000] {local_task_job_runner.py:154} INFO - Task is not able to be run
