[2023-11-17T10:51:38.475+0000] {logging_mixin.py:154} INFO - Changing /opt/***/logs/dag_id=simulator_dag_17/run_id=scheduled__2023-11-16T00:00:00+00:00/task_id=setup_and_run_simulator_task_17 permission to 509
[2023-11-17T10:51:38.550+0000] {logging_mixin.py:154} INFO - Failed to change /opt/***/logs/dag_id=simulator_dag_17/run_id=scheduled__2023-11-16T00:00:00+00:00/task_id=setup_and_run_simulator_task_17 permission to 509: [Errno 1] Operation not permitted: '/opt/***/logs/dag_id=simulator_dag_17/run_id=scheduled__2023-11-16T00:00:00+00:00/task_id=setup_and_run_simulator_task_17'
[2023-11-17T10:51:50.034+0000] {logging_mixin.py:154} INFO - Changing /opt/***/logs/dag_id=simulator_dag_17/run_id=scheduled__2023-11-16T00:00:00+00:00/task_id=setup_and_run_simulator_task_17 permission to 509
[2023-11-17T10:51:50.044+0000] {logging_mixin.py:154} INFO - Failed to change /opt/***/logs/dag_id=simulator_dag_17/run_id=scheduled__2023-11-16T00:00:00+00:00/task_id=setup_and_run_simulator_task_17 permission to 509: [Errno 1] Operation not permitted: '/opt/***/logs/dag_id=simulator_dag_17/run_id=scheduled__2023-11-16T00:00:00+00:00/task_id=setup_and_run_simulator_task_17'
[2023-11-17T10:51:50.295+0000] {taskinstance.py:1159} INFO - Dependencies all met for dep_context=non-requeueable deps ti=<TaskInstance: simulator_dag_17.setup_and_run_simulator_task_17 scheduled__2023-11-16T00:00:00+00:00 [queued]>
[2023-11-17T10:51:50.465+0000] {taskinstance.py:1159} INFO - Dependencies all met for dep_context=requeueable deps ti=<TaskInstance: simulator_dag_17.setup_and_run_simulator_task_17 scheduled__2023-11-16T00:00:00+00:00 [queued]>
[2023-11-17T10:51:50.466+0000] {taskinstance.py:1361} INFO - Starting attempt 1 of 3
[2023-11-17T10:51:50.936+0000] {taskinstance.py:1382} INFO - Executing <Task(PythonOperator): setup_and_run_simulator_task_17> on 2023-11-16 00:00:00+00:00
[2023-11-17T10:51:51.237+0000] {standard_task_runner.py:57} INFO - Started process 37261 to run task
[2023-11-17T10:51:51.325+0000] {standard_task_runner.py:84} INFO - Running: ['***', 'tasks', 'run', 'simulator_dag_17', 'setup_and_run_simulator_task_17', 'scheduled__2023-11-16T00:00:00+00:00', '--job-id', '335', '--raw', '--subdir', 'DAGS_FOLDER/timeseries.py', '--cfg-path', '/tmp/tmpx78nod1f']
[2023-11-17T10:51:51.472+0000] {standard_task_runner.py:85} INFO - Job 335: Subtask setup_and_run_simulator_task_17
[2023-11-17T10:51:52.235+0000] {logging_mixin.py:154} INFO - Changing /opt/***/logs/dag_id=simulator_dag_17/run_id=scheduled__2023-11-16T00:00:00+00:00/task_id=setup_and_run_simulator_task_17 permission to 509
[2023-11-17T10:51:52.236+0000] {logging_mixin.py:154} INFO - Failed to change /opt/***/logs/dag_id=simulator_dag_17/run_id=scheduled__2023-11-16T00:00:00+00:00/task_id=setup_and_run_simulator_task_17 permission to 509: [Errno 1] Operation not permitted: '/opt/***/logs/dag_id=simulator_dag_17/run_id=scheduled__2023-11-16T00:00:00+00:00/task_id=setup_and_run_simulator_task_17'
[2023-11-17T10:51:52.254+0000] {task_command.py:416} INFO - Running <TaskInstance: simulator_dag_17.setup_and_run_simulator_task_17 scheduled__2023-11-16T00:00:00+00:00 [running]> on host 84c765240aba
[2023-11-17T10:51:55.914+0000] {taskinstance.py:1662} INFO - Exporting env vars: AIRFLOW_CTX_DAG_OWNER='***' AIRFLOW_CTX_DAG_ID='simulator_dag_17' AIRFLOW_CTX_TASK_ID='setup_and_run_simulator_task_17' AIRFLOW_CTX_EXECUTION_DATE='2023-11-16T00:00:00+00:00' AIRFLOW_CTX_TRY_NUMBER='1' AIRFLOW_CTX_DAG_RUN_ID='scheduled__2023-11-16T00:00:00+00:00'
[2023-11-17T16:52:23.528+0000] {logging_mixin.py:154} INFO - Changing /opt/***/logs/dag_id=simulator_dag_17/run_id=scheduled__2023-11-16T00:00:00+00:00/task_id=setup_and_run_simulator_task_17 permission to 509
[2023-11-17T16:52:23.531+0000] {logging_mixin.py:154} INFO - Failed to change /opt/***/logs/dag_id=simulator_dag_17/run_id=scheduled__2023-11-16T00:00:00+00:00/task_id=setup_and_run_simulator_task_17 permission to 509: [Errno 1] Operation not permitted: '/opt/***/logs/dag_id=simulator_dag_17/run_id=scheduled__2023-11-16T00:00:00+00:00/task_id=setup_and_run_simulator_task_17'
[2023-11-17T16:52:23.566+0000] {logging_mixin.py:154} INFO - Changing /opt/***/logs/dag_id=simulator_dag_17/run_id=scheduled__2023-11-16T00:00:00+00:00/task_id=setup_and_run_simulator_task_17 permission to 509
[2023-11-17T16:52:23.567+0000] {logging_mixin.py:154} INFO - Failed to change /opt/***/logs/dag_id=simulator_dag_17/run_id=scheduled__2023-11-16T00:00:00+00:00/task_id=setup_and_run_simulator_task_17 permission to 509: [Errno 1] Operation not permitted: '/opt/***/logs/dag_id=simulator_dag_17/run_id=scheduled__2023-11-16T00:00:00+00:00/task_id=setup_and_run_simulator_task_17'
[2023-11-17T16:52:23.589+0000] {taskinstance.py:1149} INFO - Dependencies not met for <TaskInstance: simulator_dag_17.setup_and_run_simulator_task_17 scheduled__2023-11-16T00:00:00+00:00 [running]>, dependency 'Task Instance State' FAILED: Task is in the 'running' state.
[2023-11-17T16:52:23.597+0000] {taskinstance.py:1149} INFO - Dependencies not met for <TaskInstance: simulator_dag_17.setup_and_run_simulator_task_17 scheduled__2023-11-16T00:00:00+00:00 [running]>, dependency 'Task Instance Not Running' FAILED: Task is in the running state
[2023-11-17T16:52:23.602+0000] {local_task_job_runner.py:154} INFO - Task is not able to be run
