[2023-11-12T21:24:05.305+0000] {logging_mixin.py:154} INFO - Changing /opt/***/logs/dag_id=simulator_dag_16/run_id=scheduled__2023-11-11T00:00:00+00:00/task_id=setup_and_run_simulator_task_16 permission to 509
[2023-11-12T21:24:05.307+0000] {logging_mixin.py:154} INFO - Failed to change /opt/***/logs/dag_id=simulator_dag_16/run_id=scheduled__2023-11-11T00:00:00+00:00/task_id=setup_and_run_simulator_task_16 permission to 509: [Errno 1] Operation not permitted: '/opt/***/logs/dag_id=simulator_dag_16/run_id=scheduled__2023-11-11T00:00:00+00:00/task_id=setup_and_run_simulator_task_16'
[2023-11-12T21:24:05.339+0000] {logging_mixin.py:154} INFO - Changing /opt/***/logs/dag_id=simulator_dag_16/run_id=scheduled__2023-11-11T00:00:00+00:00/task_id=setup_and_run_simulator_task_16 permission to 509
[2023-11-12T21:24:05.340+0000] {logging_mixin.py:154} INFO - Failed to change /opt/***/logs/dag_id=simulator_dag_16/run_id=scheduled__2023-11-11T00:00:00+00:00/task_id=setup_and_run_simulator_task_16 permission to 509: [Errno 1] Operation not permitted: '/opt/***/logs/dag_id=simulator_dag_16/run_id=scheduled__2023-11-11T00:00:00+00:00/task_id=setup_and_run_simulator_task_16'
[2023-11-12T21:24:05.374+0000] {taskinstance.py:1159} INFO - Dependencies all met for dep_context=non-requeueable deps ti=<TaskInstance: simulator_dag_16.setup_and_run_simulator_task_16 scheduled__2023-11-11T00:00:00+00:00 [queued]>
[2023-11-12T21:24:05.385+0000] {taskinstance.py:1159} INFO - Dependencies all met for dep_context=requeueable deps ti=<TaskInstance: simulator_dag_16.setup_and_run_simulator_task_16 scheduled__2023-11-11T00:00:00+00:00 [queued]>
[2023-11-12T21:24:05.386+0000] {taskinstance.py:1361} INFO - Starting attempt 1 of 3
[2023-11-12T21:24:05.402+0000] {taskinstance.py:1382} INFO - Executing <Task(PythonOperator): setup_and_run_simulator_task_16> on 2023-11-11 00:00:00+00:00
[2023-11-12T21:24:05.410+0000] {standard_task_runner.py:57} INFO - Started process 436 to run task
[2023-11-12T21:24:05.415+0000] {standard_task_runner.py:84} INFO - Running: ['***', 'tasks', 'run', 'simulator_dag_16', 'setup_and_run_simulator_task_16', 'scheduled__2023-11-11T00:00:00+00:00', '--job-id', '43', '--raw', '--subdir', 'DAGS_FOLDER/timeseries.py', '--cfg-path', '/tmp/tmp4eb9u_os']
[2023-11-12T21:24:05.419+0000] {standard_task_runner.py:85} INFO - Job 43: Subtask setup_and_run_simulator_task_16
[2023-11-12T21:24:05.478+0000] {logging_mixin.py:154} INFO - Changing /opt/***/logs/dag_id=simulator_dag_16/run_id=scheduled__2023-11-11T00:00:00+00:00/task_id=setup_and_run_simulator_task_16 permission to 509
[2023-11-12T21:24:05.479+0000] {logging_mixin.py:154} INFO - Failed to change /opt/***/logs/dag_id=simulator_dag_16/run_id=scheduled__2023-11-11T00:00:00+00:00/task_id=setup_and_run_simulator_task_16 permission to 509: [Errno 1] Operation not permitted: '/opt/***/logs/dag_id=simulator_dag_16/run_id=scheduled__2023-11-11T00:00:00+00:00/task_id=setup_and_run_simulator_task_16'
[2023-11-12T21:24:05.485+0000] {task_command.py:416} INFO - Running <TaskInstance: simulator_dag_16.setup_and_run_simulator_task_16 scheduled__2023-11-11T00:00:00+00:00 [running]> on host 84c765240aba
[2023-11-12T21:24:05.576+0000] {taskinstance.py:1662} INFO - Exporting env vars: AIRFLOW_CTX_DAG_OWNER='***' AIRFLOW_CTX_DAG_ID='simulator_dag_16' AIRFLOW_CTX_TASK_ID='setup_and_run_simulator_task_16' AIRFLOW_CTX_EXECUTION_DATE='2023-11-11T00:00:00+00:00' AIRFLOW_CTX_TRY_NUMBER='1' AIRFLOW_CTX_DAG_RUN_ID='scheduled__2023-11-11T00:00:00+00:00'
[2023-11-12T21:24:05.611+0000] {logging_mixin.py:154} INFO - this is youuu <subprocess.Popen object at 0x7f743c28efa0>
[2023-11-12T21:24:05.612+0000] {logging_mixin.py:154} INFO - This is meeeee 437
[2023-11-12T21:24:05.715+0000] {logging_mixin.py:154} INFO - this is usssssssssss <bound method Popen.communicate of <subprocess.Popen object at 0x7f743c28efa0>>
[2023-11-12T21:24:05.719+0000] {logging_mixin.py:154} INFO - this is hiiiim <Thread(Thread-1, initial)>
[2023-11-12T21:24:05.721+0000] {python.py:194} INFO - Done. Returned value was: None
[2023-11-12T21:24:05.735+0000] {taskinstance.py:1400} INFO - Marking task as SUCCESS. dag_id=simulator_dag_16, task_id=setup_and_run_simulator_task_16, execution_date=20231111T000000, start_date=20231112T212405, end_date=20231112T212405
[2023-11-12T21:24:05.771+0000] {local_task_job_runner.py:228} INFO - Task exited with return code 0
[2023-11-12T21:24:05.790+0000] {taskinstance.py:2778} INFO - 0 downstream tasks scheduled from follow-on schedule check
