[2023-11-13T10:00:36.454+0000] {logging_mixin.py:154} INFO - Changing /opt/***/logs/dag_id=simulator_dag_42/run_id=scheduled__2023-11-12T00:00:00+00:00/task_id=setup_and_run_simulator_task_42 permission to 509
[2023-11-13T10:00:36.470+0000] {logging_mixin.py:154} INFO - Failed to change /opt/***/logs/dag_id=simulator_dag_42/run_id=scheduled__2023-11-12T00:00:00+00:00/task_id=setup_and_run_simulator_task_42 permission to 509: [Errno 1] Operation not permitted: '/opt/***/logs/dag_id=simulator_dag_42/run_id=scheduled__2023-11-12T00:00:00+00:00/task_id=setup_and_run_simulator_task_42'
[2023-11-13T10:00:37.224+0000] {logging_mixin.py:154} INFO - Changing /opt/***/logs/dag_id=simulator_dag_42/run_id=scheduled__2023-11-12T00:00:00+00:00/task_id=setup_and_run_simulator_task_42 permission to 509
[2023-11-13T10:00:37.227+0000] {logging_mixin.py:154} INFO - Failed to change /opt/***/logs/dag_id=simulator_dag_42/run_id=scheduled__2023-11-12T00:00:00+00:00/task_id=setup_and_run_simulator_task_42 permission to 509: [Errno 1] Operation not permitted: '/opt/***/logs/dag_id=simulator_dag_42/run_id=scheduled__2023-11-12T00:00:00+00:00/task_id=setup_and_run_simulator_task_42'
[2023-11-13T10:00:37.454+0000] {taskinstance.py:1159} INFO - Dependencies all met for dep_context=non-requeueable deps ti=<TaskInstance: simulator_dag_42.setup_and_run_simulator_task_42 scheduled__2023-11-12T00:00:00+00:00 [queued]>
[2023-11-13T10:00:37.484+0000] {taskinstance.py:1159} INFO - Dependencies all met for dep_context=requeueable deps ti=<TaskInstance: simulator_dag_42.setup_and_run_simulator_task_42 scheduled__2023-11-12T00:00:00+00:00 [queued]>
[2023-11-13T10:00:37.491+0000] {taskinstance.py:1361} INFO - Starting attempt 1 of 3
[2023-11-13T10:00:37.544+0000] {taskinstance.py:1382} INFO - Executing <Task(PythonOperator): setup_and_run_simulator_task_42> on 2023-11-12 00:00:00+00:00
[2023-11-13T10:00:37.564+0000] {standard_task_runner.py:57} INFO - Started process 2728 to run task
[2023-11-13T10:00:37.582+0000] {standard_task_runner.py:84} INFO - Running: ['***', 'tasks', 'run', 'simulator_dag_42', 'setup_and_run_simulator_task_42', 'scheduled__2023-11-12T00:00:00+00:00', '--job-id', '124', '--raw', '--subdir', 'DAGS_FOLDER/timeseries.py', '--cfg-path', '/tmp/tmpsb8573_c']
[2023-11-13T10:00:37.598+0000] {standard_task_runner.py:85} INFO - Job 124: Subtask setup_and_run_simulator_task_42
[2023-11-13T10:00:37.883+0000] {logging_mixin.py:154} INFO - Changing /opt/***/logs/dag_id=simulator_dag_42/run_id=scheduled__2023-11-12T00:00:00+00:00/task_id=setup_and_run_simulator_task_42 permission to 509
[2023-11-13T10:00:37.888+0000] {logging_mixin.py:154} INFO - Failed to change /opt/***/logs/dag_id=simulator_dag_42/run_id=scheduled__2023-11-12T00:00:00+00:00/task_id=setup_and_run_simulator_task_42 permission to 509: [Errno 1] Operation not permitted: '/opt/***/logs/dag_id=simulator_dag_42/run_id=scheduled__2023-11-12T00:00:00+00:00/task_id=setup_and_run_simulator_task_42'
[2023-11-13T10:00:37.914+0000] {task_command.py:416} INFO - Running <TaskInstance: simulator_dag_42.setup_and_run_simulator_task_42 scheduled__2023-11-12T00:00:00+00:00 [running]> on host 84c765240aba
[2023-11-13T10:00:38.439+0000] {taskinstance.py:1662} INFO - Exporting env vars: AIRFLOW_CTX_DAG_OWNER='***' AIRFLOW_CTX_DAG_ID='simulator_dag_42' AIRFLOW_CTX_TASK_ID='setup_and_run_simulator_task_42' AIRFLOW_CTX_EXECUTION_DATE='2023-11-12T00:00:00+00:00' AIRFLOW_CTX_TRY_NUMBER='1' AIRFLOW_CTX_DAG_RUN_ID='scheduled__2023-11-12T00:00:00+00:00'
[2023-11-13T10:00:39.429+0000] {logging_mixin.py:154} INFO - Standard Output: 
[2023-11-13T10:00:39.432+0000] {logging_mixin.py:154} INFO - Standard Error: Traceback (most recent call last):
  File "/djangoapp/Task1/main.py", line 1, in <module>
    from datetime import datetime, timedelta
  File "<frozen importlib._bootstrap>", line 991, in _find_and_load
  File "<frozen importlib._bootstrap>", line 971, in _find_and_load_unlocked
  File "<frozen importlib._bootstrap>", line 914, in _find_spec
  File "<frozen importlib._bootstrap_external>", line 1407, in find_spec
  File "<frozen importlib._bootstrap_external>", line 1379, in _get_spec
  File "<frozen importlib._bootstrap_external>", line 1510, in find_spec
  File "<frozen importlib._bootstrap_external>", line 1553, in _fill_cache
OSError: [Errno 12] Cannot allocate memory: '/djangoapp/Task1'
[2023-11-13T10:00:39.434+0000] {logging_mixin.py:154} INFO - this is my stattututututs 1
[2023-11-13T10:00:39.925+0000] {logging_mixin.py:154} INFO - this is hiiiim <Thread(Thread-1, initial)>
[2023-11-13T10:00:39.936+0000] {python.py:194} INFO - Done. Returned value was: None
[2023-11-13T10:00:40.354+0000] {taskinstance.py:1400} INFO - Marking task as SUCCESS. dag_id=simulator_dag_42, task_id=setup_and_run_simulator_task_42, execution_date=20231112T000000, start_date=20231113T100037, end_date=20231113T100040
[2023-11-13T10:00:40.533+0000] {local_task_job_runner.py:228} INFO - Task exited with return code 0
[2023-11-13T10:00:40.626+0000] {taskinstance.py:2778} INFO - 0 downstream tasks scheduled from follow-on schedule check
