[2023-11-14T09:54:35.092+0000] {logging_mixin.py:154} INFO - Changing /opt/***/logs/dag_id=simulator_dag_17/run_id=scheduled__2023-11-13T00:00:00+00:00/task_id=setup_and_run_simulator_task_17 permission to 509
[2023-11-14T09:54:35.104+0000] {logging_mixin.py:154} INFO - Failed to change /opt/***/logs/dag_id=simulator_dag_17/run_id=scheduled__2023-11-13T00:00:00+00:00/task_id=setup_and_run_simulator_task_17 permission to 509: [Errno 1] Operation not permitted: '/opt/***/logs/dag_id=simulator_dag_17/run_id=scheduled__2023-11-13T00:00:00+00:00/task_id=setup_and_run_simulator_task_17'
[2023-11-14T09:54:35.214+0000] {logging_mixin.py:154} INFO - Changing /opt/***/logs/dag_id=simulator_dag_17/run_id=scheduled__2023-11-13T00:00:00+00:00/task_id=setup_and_run_simulator_task_17 permission to 509
[2023-11-14T09:54:35.226+0000] {logging_mixin.py:154} INFO - Failed to change /opt/***/logs/dag_id=simulator_dag_17/run_id=scheduled__2023-11-13T00:00:00+00:00/task_id=setup_and_run_simulator_task_17 permission to 509: [Errno 1] Operation not permitted: '/opt/***/logs/dag_id=simulator_dag_17/run_id=scheduled__2023-11-13T00:00:00+00:00/task_id=setup_and_run_simulator_task_17'
[2023-11-14T09:54:35.342+0000] {taskinstance.py:1159} INFO - Dependencies all met for dep_context=non-requeueable deps ti=<TaskInstance: simulator_dag_17.setup_and_run_simulator_task_17 scheduled__2023-11-13T00:00:00+00:00 [queued]>
[2023-11-14T09:54:35.378+0000] {taskinstance.py:1159} INFO - Dependencies all met for dep_context=requeueable deps ti=<TaskInstance: simulator_dag_17.setup_and_run_simulator_task_17 scheduled__2023-11-13T00:00:00+00:00 [queued]>
[2023-11-14T09:54:35.385+0000] {taskinstance.py:1361} INFO - Starting attempt 2 of 3
[2023-11-14T09:54:35.487+0000] {taskinstance.py:1382} INFO - Executing <Task(PythonOperator): setup_and_run_simulator_task_17> on 2023-11-13 00:00:00+00:00
[2023-11-14T09:54:35.512+0000] {standard_task_runner.py:57} INFO - Started process 13984 to run task
[2023-11-14T09:54:35.523+0000] {standard_task_runner.py:84} INFO - Running: ['***', 'tasks', 'run', 'simulator_dag_17', 'setup_and_run_simulator_task_17', 'scheduled__2023-11-13T00:00:00+00:00', '--job-id', '203', '--raw', '--subdir', 'DAGS_FOLDER/timeseries.py', '--cfg-path', '/tmp/tmpwvr7fcfl']
[2023-11-14T09:54:35.553+0000] {standard_task_runner.py:85} INFO - Job 203: Subtask setup_and_run_simulator_task_17
[2023-11-14T09:54:35.817+0000] {logging_mixin.py:154} INFO - Changing /opt/***/logs/dag_id=simulator_dag_17/run_id=scheduled__2023-11-13T00:00:00+00:00/task_id=setup_and_run_simulator_task_17 permission to 509
[2023-11-14T09:54:35.819+0000] {logging_mixin.py:154} INFO - Failed to change /opt/***/logs/dag_id=simulator_dag_17/run_id=scheduled__2023-11-13T00:00:00+00:00/task_id=setup_and_run_simulator_task_17 permission to 509: [Errno 1] Operation not permitted: '/opt/***/logs/dag_id=simulator_dag_17/run_id=scheduled__2023-11-13T00:00:00+00:00/task_id=setup_and_run_simulator_task_17'
[2023-11-14T09:54:35.829+0000] {task_command.py:416} INFO - Running <TaskInstance: simulator_dag_17.setup_and_run_simulator_task_17 scheduled__2023-11-13T00:00:00+00:00 [running]> on host 84c765240aba
[2023-11-14T09:54:36.105+0000] {taskinstance.py:1662} INFO - Exporting env vars: AIRFLOW_CTX_DAG_OWNER='***' AIRFLOW_CTX_DAG_ID='simulator_dag_17' AIRFLOW_CTX_TASK_ID='setup_and_run_simulator_task_17' AIRFLOW_CTX_EXECUTION_DATE='2023-11-13T00:00:00+00:00' AIRFLOW_CTX_TRY_NUMBER='2' AIRFLOW_CTX_DAG_RUN_ID='scheduled__2023-11-13T00:00:00+00:00'
[2023-11-14T09:54:50.852+0000] {local_task_job_runner.py:294} WARNING - State of this instance has been externally set to up_for_retry. Terminating instance.
[2023-11-14T09:54:50.858+0000] {process_utils.py:131} INFO - Sending 15 to group 13984. PIDs of all processes in the group: [13985, 13984]
[2023-11-14T09:54:50.860+0000] {process_utils.py:86} INFO - Sending the signal 15 to group 13984
[2023-11-14T09:54:50.879+0000] {taskinstance.py:1632} ERROR - Received SIGTERM. Terminating subprocesses.
[2023-11-14T09:54:50.906+0000] {taskinstance.py:1937} ERROR - Task failed with exception
Traceback (most recent call last):
  File "/home/airflow/.local/lib/python3.8/site-packages/airflow/operators/python.py", line 192, in execute
    return_value = self.execute_callable()
  File "/home/airflow/.local/lib/python3.8/site-packages/airflow/operators/python.py", line 209, in execute_callable
    return self.python_callable(*self.op_args, **self.op_kwargs)
  File "/opt/airflow/dags/timeseries.py", line 54, in setup_and_run_simulator
    trigger_run_simulator(simulator_data_dict, **kwargs)
  File "/opt/airflow/dags/timeseries.py", line 59, in trigger_run_simulator
    trigger_simulator({"id": simulator_data_dict["id"]})
  File "/djangoapp/simulator_api/views.py", line 314, in trigger_simulator
    simulator_thread = threading.Thread(target=run_simulator_thread(dataset))
  File "/djangoapp/simulator_api/views.py", line 299, in run_simulator_thread
    stdout, stderr = process.communicate(input=data)
  File "/usr/local/lib/python3.8/subprocess.py", line 1028, in communicate
    stdout, stderr = self._communicate(input, endtime, timeout)
  File "/usr/local/lib/python3.8/subprocess.py", line 1884, in _communicate
    ready = selector.select(timeout)
  File "/usr/local/lib/python3.8/selectors.py", line 415, in select
    fd_event_list = self._selector.poll(timeout)
  File "/home/airflow/.local/lib/python3.8/site-packages/airflow/models/taskinstance.py", line 1634, in signal_handler
    raise AirflowException("Task received SIGTERM signal")
airflow.exceptions.AirflowException: Task received SIGTERM signal
[2023-11-14T09:54:50.944+0000] {taskinstance.py:1400} INFO - Marking task as FAILED. dag_id=simulator_dag_17, task_id=setup_and_run_simulator_task_17, execution_date=20231113T000000, start_date=20231114T095435, end_date=20231114T095450
[2023-11-14T09:54:50.996+0000] {standard_task_runner.py:104} ERROR - Failed to execute job 203 for task setup_and_run_simulator_task_17 (Task received SIGTERM signal; 13984)
[2023-11-14T09:54:51.064+0000] {process_utils.py:79} INFO - Process psutil.Process(pid=13984, status='terminated', exitcode=1, started='09:54:35') (13984) terminated with exit code 1
[2023-11-14T09:54:51.066+0000] {process_utils.py:79} INFO - Process psutil.Process(pid=13985, status='terminated', started='09:54:36') (13985) terminated with exit code None
