[2023-11-12T19:51:35.319+0000] {logging_mixin.py:154} INFO - Changing /opt/***/logs/dag_id=simulator_dag_7/run_id=scheduled__2023-11-11T00:00:00+00:00/task_id=setup_and_run_simulator_task_7 permission to 509
[2023-11-12T19:51:35.322+0000] {logging_mixin.py:154} INFO - Failed to change /opt/***/logs/dag_id=simulator_dag_7/run_id=scheduled__2023-11-11T00:00:00+00:00/task_id=setup_and_run_simulator_task_7 permission to 509: [Errno 1] Operation not permitted: '/opt/***/logs/dag_id=simulator_dag_7/run_id=scheduled__2023-11-11T00:00:00+00:00/task_id=setup_and_run_simulator_task_7'
[2023-11-12T19:51:35.416+0000] {logging_mixin.py:154} INFO - Changing /opt/***/logs/dag_id=simulator_dag_7/run_id=scheduled__2023-11-11T00:00:00+00:00/task_id=setup_and_run_simulator_task_7 permission to 509
[2023-11-12T19:51:35.421+0000] {logging_mixin.py:154} INFO - Failed to change /opt/***/logs/dag_id=simulator_dag_7/run_id=scheduled__2023-11-11T00:00:00+00:00/task_id=setup_and_run_simulator_task_7 permission to 509: [Errno 1] Operation not permitted: '/opt/***/logs/dag_id=simulator_dag_7/run_id=scheduled__2023-11-11T00:00:00+00:00/task_id=setup_and_run_simulator_task_7'
[2023-11-12T19:51:35.503+0000] {taskinstance.py:1159} INFO - Dependencies all met for dep_context=non-requeueable deps ti=<TaskInstance: simulator_dag_7.setup_and_run_simulator_task_7 scheduled__2023-11-11T00:00:00+00:00 [queued]>
[2023-11-12T19:51:35.533+0000] {taskinstance.py:1159} INFO - Dependencies all met for dep_context=requeueable deps ti=<TaskInstance: simulator_dag_7.setup_and_run_simulator_task_7 scheduled__2023-11-11T00:00:00+00:00 [queued]>
[2023-11-12T19:51:35.537+0000] {taskinstance.py:1361} INFO - Starting attempt 1 of 3
[2023-11-12T19:51:35.599+0000] {taskinstance.py:1382} INFO - Executing <Task(PythonOperator): setup_and_run_simulator_task_7> on 2023-11-11 00:00:00+00:00
[2023-11-12T19:51:35.630+0000] {standard_task_runner.py:57} INFO - Started process 2058 to run task
[2023-11-12T19:51:35.653+0000] {standard_task_runner.py:84} INFO - Running: ['***', 'tasks', 'run', 'simulator_dag_7', 'setup_and_run_simulator_task_7', 'scheduled__2023-11-11T00:00:00+00:00', '--job-id', '25', '--raw', '--subdir', 'DAGS_FOLDER/timeseries.py', '--cfg-path', '/tmp/tmpfbljke8r']
[2023-11-12T19:51:35.690+0000] {standard_task_runner.py:85} INFO - Job 25: Subtask setup_and_run_simulator_task_7
[2023-11-12T19:51:36.196+0000] {logging_mixin.py:154} INFO - Changing /opt/***/logs/dag_id=simulator_dag_7/run_id=scheduled__2023-11-11T00:00:00+00:00/task_id=setup_and_run_simulator_task_7 permission to 509
[2023-11-12T19:51:36.210+0000] {logging_mixin.py:154} INFO - Failed to change /opt/***/logs/dag_id=simulator_dag_7/run_id=scheduled__2023-11-11T00:00:00+00:00/task_id=setup_and_run_simulator_task_7 permission to 509: [Errno 1] Operation not permitted: '/opt/***/logs/dag_id=simulator_dag_7/run_id=scheduled__2023-11-11T00:00:00+00:00/task_id=setup_and_run_simulator_task_7'
[2023-11-12T19:51:36.257+0000] {task_command.py:416} INFO - Running <TaskInstance: simulator_dag_7.setup_and_run_simulator_task_7 scheduled__2023-11-11T00:00:00+00:00 [running]> on host e15777c5c324
[2023-11-12T19:51:37.084+0000] {taskinstance.py:1662} INFO - Exporting env vars: AIRFLOW_CTX_DAG_OWNER='***' AIRFLOW_CTX_DAG_ID='simulator_dag_7' AIRFLOW_CTX_TASK_ID='setup_and_run_simulator_task_7' AIRFLOW_CTX_EXECUTION_DATE='2023-11-11T00:00:00+00:00' AIRFLOW_CTX_TRY_NUMBER='1' AIRFLOW_CTX_DAG_RUN_ID='scheduled__2023-11-11T00:00:00+00:00'
[2023-11-12T19:51:37.308+0000] {python.py:194} INFO - Done. Returned value was: None
[2023-11-12T19:51:37.345+0000] {logging_mixin.py:154} INFO - Simulator process started
[2023-11-12T19:51:37.353+0000] {logging_mixin.py:154} INFO - Simulator process ID: 2060
[2023-11-12T19:51:37.357+0000] {logging_mixin.py:154} INFO - Waiting for simulator process to complete...
[2023-11-12T19:51:37.412+0000] {taskinstance.py:1400} INFO - Marking task as SUCCESS. dag_id=simulator_dag_7, task_id=setup_and_run_simulator_task_7, execution_date=20231111T000000, start_date=20231112T195135, end_date=20231112T195137
[2023-11-12T19:51:37.616+0000] {local_task_job_runner.py:228} INFO - Task exited with return code 0
[2023-11-12T19:51:37.706+0000] {taskinstance.py:2778} INFO - 0 downstream tasks scheduled from follow-on schedule check
